<?xml version="1.0" encoding="UTF-8"?>
<!-- Generated by org.testng.reporters.JUnitXMLReporter -->
<testsuite ignored="2" hostname="DESKTOP-7S7LCUO" failures="0" tests="2" name="GRP-g1" time="0.098" errors="0" timestamp="2024-07-14T23:42:09 IST">
  <testcase classname="testNgAnnonations.Annotations" name="test1" time="0.015"/>
  <testcase classname="testNgAnnonations.Annotations" name="test2" time="0.003"/>
  <testcase classname="testNgAnnonations.Annotations" name="test4" time="0.0">
    <ignored/>
  </testcase> <!-- test4 -->
  <testcase classname="testNgAnnonations.Annotations" name="test3" time="0.0">
    <ignored/>
  </testcase> <!-- test3 -->
</testsuite> <!-- GRP-g1 -->
