<?xml version="1.0" encoding="UTF-8"?>
<!-- Generated by org.testng.reporters.JUnitXMLReporter -->
<testsuite ignored="0" hostname="DESKTOP-7S7LCUO" failures="0" tests="4" name="GRP-g1,g2" time="0.152" errors="0" timestamp="2024-07-14T23:55:51 IST">
  <testcase classname="testNgAnnonations.Annotations" name="test1" time="0.01"/>
  <testcase classname="testNgAnnonations.Annotations" name="test2" time="0.003"/>
  <testcase classname="testNgAnnonations.Annotations" name="test3" time="0.014"/>
  <testcase classname="testNgAnnonations.Annotations" name="test4" time="0.009"/>
</testsuite> <!-- GRP-g1,g2 -->
