[{"line":2,"elements":[{"start_timestamp":"2024-07-26T03:46:24.018Z","before":[{"result":{"duration":4402998300,"status":"passed"},"match":{"location":"stepDefinations.Login.setUp()"}},{"result":{"status":"passed"},"match":{"location":"stepDefinations.Login.setUp2()"}}],"line":14,"name":"To verify we are not able to login with valid crede.","description":"","id":"login-featue;to-verify-we-are-not-able-to-login-with-valid-crede.;;2","after":[{"result":{"duration":995100,"status":"passed"},"match":{"location":"stepDefinations.Login.close2()"}},{"result":{"duration":2674568900,"status":"passed"},"match":{"location":"stepDefinations.Login.close()"}}],"type":"scenario","keyword":"Scenario Outline","steps":[{"result":{"duration":2506996200,"status":"passed"},"before":[{"result":{"duration":998100,"status":"passed"},"match":{"location":"stepDefinations.Login.myStep()"}}],"line":5,"name":"open the chrome","match":{"location":"stepDefinations.Login.openTheBrowser()"},"after":[{"result":{"status":"passed"},"match":{"location":"stepDefinations.Login.afterSetp()"}}],"keyword":"Given "},{"result":{"duration":4146845700,"status":"passed"},"before":[{"result":{"status":"passed"},"match":{"location":"stepDefinations.Login.myStep()"}}],"line":6,"name":"user enters \"https://practice.expandtesting.com/login\"","match":{"arguments":[{"val":"\"https://practice.expandtesting.com/login\"","offset":12}],"location":"stepDefinations.Login.enterUrl(java.lang.String)"},"after":[{"result":{"duration":1994500,"status":"passed"},"match":{"location":"stepDefinations.Login.afterSetp()"}}],"keyword":"When "},{"result":{"duration":434001400,"status":"passed"},"before":[{"result":{"duration":998800,"status":"passed"},"match":{"location":"stepDefinations.Login.myStep()"}}],"line":7,"name":"user enters username as \"admin1\"","match":{"arguments":[{"val":"\"admin1\"","offset":24}],"location":"stepDefinations.Login.user_enters_username_as_practice(java.lang.String)"},"after":[{"result":{"duration":1005300,"status":"passed"},"match":{"location":"stepDefinations.Login.afterSetp()"}}],"keyword":"And "},{"result":{"duration":479998600,"status":"passed"},"before":[{"result":{"duration":997600,"status":"passed"},"match":{"location":"stepDefinations.Login.myStep()"}}],"line":8,"name":"user enters password as \"pass1\"","match":{"arguments":[{"val":"\"pass1\"","offset":24}],"location":"stepDefinations.Login.user_enters_password_as_super_secret_password(java.lang.String)"},"after":[{"result":{"duration":1001900,"status":"passed"},"match":{"location":"stepDefinations.Login.afterSetp()"}}],"keyword":"And "},{"result":{"error_message":"org.openqa.selenium.ElementClickInterceptedException: element click intercepted: Element is not clickable at point (508, 608)\n  (Session info: chrome=126.0.6478.185)\nBuild info: version: '4.20.0', revision: '866c76ca80'\nSystem info: os.name: 'Windows 10', os.arch: 'amd64', os.version: '10.0', java.version: '17.0.9'\nDriver info: org.openqa.selenium.chrome.ChromeDriver\nCommand: [251bd0578cad4cc3fb9c17cf21d7c2db, clickElement {id=f.835C7CC4EAB504F1248B4BAD77668234.d.9B27439323C09E1D1747F6B9366075E7.e.13}]\nCapabilities {acceptInsecureCerts: false, browserName: chrome, browserVersion: 126.0.6478.185, chrome: {chromedriverVersion: 126.0.6478.182 (5b5d8292ddf..., userDataDir: C:\\Users\\Hustler\\AppData\\Lo...}, fedcm:accounts: true, goog:chromeOptions: {debuggerAddress: localhost:56858}, networkConnectionEnabled: false, pageLoadStrategy: normal, platformName: windows, proxy: Proxy(), se:cdp: ws://localhost:56858/devtoo..., se:cdpVersion: 126.0.6478.185, setWindowRect: true, strictFileInteractability: false, timeouts: {implicit: 0, pageLoad: 300000, script: 30000}, unhandledPromptBehavior: dismiss and notify, webauthn:extension:credBlob: true, webauthn:extension:largeBlob: true, webauthn:extension:minPinLength: true, webauthn:extension:prf: true, webauthn:virtualAuthenticators: true}\nElement: [[ChromeDriver: chrome on windows (251bd0578cad4cc3fb9c17cf21d7c2db)] -> xpath: //button[@type='submit']]\nSession ID: 251bd0578cad4cc3fb9c17cf21d7c2db\r\n\tat java.base/jdk.internal.reflect.NativeConstructorAccessorImpl.newInstance0(Native Method)\r\n\tat java.base/jdk.internal.reflect.NativeConstructorAccessorImpl.newInstance(NativeConstructorAccessorImpl.java:77)\r\n\tat java.base/jdk.internal.reflect.DelegatingConstructorAccessorImpl.newInstance(DelegatingConstructorAccessorImpl.java:45)\r\n\tat java.base/java.lang.reflect.Constructor.newInstanceWithCaller(Constructor.java:499)\r\n\tat java.base/java.lang.reflect.Constructor.newInstance(Constructor.java:480)\r\n\tat org.openqa.selenium.remote.ErrorCodec.decode(ErrorCodec.java:167)\r\n\tat org.openqa.selenium.remote.codec.w3c.W3CHttpResponseCodec.decode(W3CHttpResponseCodec.java:138)\r\n\tat org.openqa.selenium.remote.codec.w3c.W3CHttpResponseCodec.decode(W3CHttpResponseCodec.java:50)\r\n\tat org.openqa.selenium.remote.HttpCommandExecutor.execute(HttpCommandExecutor.java:190)\r\n\tat org.openqa.selenium.remote.service.DriverCommandExecutor.invokeExecute(DriverCommandExecutor.java:216)\r\n\tat org.openqa.selenium.remote.service.DriverCommandExecutor.execute(DriverCommandExecutor.java:174)\r\n\tat org.openqa.selenium.remote.RemoteWebDriver.execute(RemoteWebDriver.java:518)\r\n\tat org.openqa.selenium.remote.RemoteWebElement.execute(RemoteWebElement.java:223)\r\n\tat org.openqa.selenium.remote.RemoteWebElement.click(RemoteWebElement.java:76)\r\n\tat stepDefinations.Login.user_clicks_on_login_button(Login.java:50)\r\n\tat ✽.user clicks on login button(file:///C:/Users/Hustler/eclipse-workspace/seleniumBatch152/./Features/login.feature:9)\r\n","duration":1240657300,"status":"failed"},"before":[{"result":{"duration":999500,"status":"passed"},"match":{"location":"stepDefinations.Login.myStep()"}}],"line":9,"name":"user clicks on login button","match":{"location":"stepDefinations.Login.user_clicks_on_login_button()"},"after":[{"result":{"duration":1998900,"status":"passed"},"match":{"location":"stepDefinations.Login.afterSetp()"}}],"keyword":"And "},{"result":{"status":"skipped"},"before":[{"result":{"duration":999300,"status":"skipped"},"match":{"location":"stepDefinations.Login.myStep()"}}],"line":10,"name":"user can see the logout button","match":{"location":"stepDefinations.Login.user_can_see_the_logout_button()"},"after":[{"result":{"duration":1001300,"status":"skipped"},"match":{"location":"stepDefinations.Login.afterSetp()"}}],"keyword":"Then "},{"result":{"duration":2001500,"status":"skipped"},"before":[{"result":{"duration":1000100,"status":"skipped"},"match":{"location":"stepDefinations.Login.myStep()"}}],"line":11,"name":"close the driver","match":{"location":"stepDefinations.Login.closeTheDriver()"},"after":[{"result":{"duration":998700,"status":"skipped"},"match":{"location":"stepDefinations.Login.afterSetp()"}}],"keyword":"Then "}],"tags":[{"name":"@reg"},{"name":"@mytag"}]},{"start_timestamp":"2024-07-26T03:46:40.153Z","before":[{"result":{"duration":3431003700,"status":"passed"},"match":{"location":"stepDefinations.Login.setUp()"}},{"result":{"duration":995900,"status":"passed"},"match":{"location":"stepDefinations.Login.setUp2()"}}],"line":15,"name":"To verify we are not able to login with valid crede.","description":"","id":"login-featue;to-verify-we-are-not-able-to-login-with-valid-crede.;;3","after":[{"result":{"duration":995500,"status":"passed"},"match":{"location":"stepDefinations.Login.close2()"}},{"result":{"duration":429001400,"status":"passed"},"match":{"location":"stepDefinations.Login.close()"}}],"type":"scenario","keyword":"Scenario Outline","steps":[{"result":{"duration":3279875500,"status":"passed"},"before":[{"result":{"duration":1000300,"status":"passed"},"match":{"location":"stepDefinations.Login.myStep()"}}],"line":5,"name":"open the chrome","match":{"location":"stepDefinations.Login.openTheBrowser()"},"after":[{"result":{"status":"passed"},"match":{"location":"stepDefinations.Login.afterSetp()"}}],"keyword":"Given "},{"result":{"duration":2434021000,"status":"passed"},"before":[{"result":{"duration":1002500,"status":"passed"},"match":{"location":"stepDefinations.Login.myStep()"}}],"line":6,"name":"user enters \"https://practice.expandtesting.com/login\"","match":{"arguments":[{"val":"\"https://practice.expandtesting.com/login\"","offset":12}],"location":"stepDefinations.Login.enterUrl(java.lang.String)"},"after":[{"result":{"duration":978700,"status":"passed"},"match":{"location":"stepDefinations.Login.afterSetp()"}}],"keyword":"When "},{"result":{"duration":1144998300,"status":"passed"},"before":[{"result":{"duration":1000500,"status":"passed"},"match":{"location":"stepDefinations.Login.myStep()"}}],"line":7,"name":"user enters username as \"admin2\"","match":{"arguments":[{"val":"\"admin2\"","offset":24}],"location":"stepDefinations.Login.user_enters_username_as_practice(java.lang.String)"},"after":[{"result":{"duration":1000800,"status":"passed"},"match":{"location":"stepDefinations.Login.afterSetp()"}}],"keyword":"And "},{"result":{"duration":295321600,"status":"passed"},"before":[{"result":{"duration":1001200,"status":"passed"},"match":{"location":"stepDefinations.Login.myStep()"}}],"line":8,"name":"user enters password as \"pass2\"","match":{"arguments":[{"val":"\"pass2\"","offset":24}],"location":"stepDefinations.Login.user_enters_password_as_super_secret_password(java.lang.String)"},"after":[{"result":{"duration":999600,"status":"passed"},"match":{"location":"stepDefinations.Login.afterSetp()"}}],"keyword":"And "},{"result":{"error_message":"org.openqa.selenium.ElementClickInterceptedException: element click intercepted: Element is not clickable at point (508, 689)\n  (Session info: chrome=126.0.6478.185)\nBuild info: version: '4.20.0', revision: '866c76ca80'\nSystem info: os.name: 'Windows 10', os.arch: 'amd64', os.version: '10.0', java.version: '17.0.9'\nDriver info: org.openqa.selenium.chrome.ChromeDriver\nCommand: [28edbf3aa83aa93b2393c5609db67035, clickElement {id=f.7BB905FD86F90A1403F8C03219747492.d.91363DFD1DD1426734DB2CFB3F754091.e.11}]\nCapabilities {acceptInsecureCerts: false, browserName: chrome, browserVersion: 126.0.6478.185, chrome: {chromedriverVersion: 126.0.6478.182 (5b5d8292ddf..., userDataDir: C:\\Users\\Hustler\\AppData\\Lo...}, fedcm:accounts: true, goog:chromeOptions: {debuggerAddress: localhost:56914}, networkConnectionEnabled: false, pageLoadStrategy: normal, platformName: windows, proxy: Proxy(), se:cdp: ws://localhost:56914/devtoo..., se:cdpVersion: 126.0.6478.185, setWindowRect: true, strictFileInteractability: false, timeouts: {implicit: 0, pageLoad: 300000, script: 30000}, unhandledPromptBehavior: dismiss and notify, webauthn:extension:credBlob: true, webauthn:extension:largeBlob: true, webauthn:extension:minPinLength: true, webauthn:extension:prf: true, webauthn:virtualAuthenticators: true}\nElement: [[ChromeDriver: chrome on windows (28edbf3aa83aa93b2393c5609db67035)] -> xpath: //button[@type='submit']]\nSession ID: 28edbf3aa83aa93b2393c5609db67035\r\n\tat java.base/jdk.internal.reflect.NativeConstructorAccessorImpl.newInstance0(Native Method)\r\n\tat java.base/jdk.internal.reflect.NativeConstructorAccessorImpl.newInstance(NativeConstructorAccessorImpl.java:77)\r\n\tat java.base/jdk.internal.reflect.DelegatingConstructorAccessorImpl.newInstance(DelegatingConstructorAccessorImpl.java:45)\r\n\tat java.base/java.lang.reflect.Constructor.newInstanceWithCaller(Constructor.java:499)\r\n\tat java.base/java.lang.reflect.Constructor.newInstance(Constructor.java:480)\r\n\tat org.openqa.selenium.remote.ErrorCodec.decode(ErrorCodec.java:167)\r\n\tat org.openqa.selenium.remote.codec.w3c.W3CHttpResponseCodec.decode(W3CHttpResponseCodec.java:138)\r\n\tat org.openqa.selenium.remote.codec.w3c.W3CHttpResponseCodec.decode(W3CHttpResponseCodec.java:50)\r\n\tat org.openqa.selenium.remote.HttpCommandExecutor.execute(HttpCommandExecutor.java:190)\r\n\tat org.openqa.selenium.remote.service.DriverCommandExecutor.invokeExecute(DriverCommandExecutor.java:216)\r\n\tat org.openqa.selenium.remote.service.DriverCommandExecutor.execute(DriverCommandExecutor.java:174)\r\n\tat org.openqa.selenium.remote.RemoteWebDriver.execute(RemoteWebDriver.java:518)\r\n\tat org.openqa.selenium.remote.RemoteWebElement.execute(RemoteWebElement.java:223)\r\n\tat org.openqa.selenium.remote.RemoteWebElement.click(RemoteWebElement.java:76)\r\n\tat stepDefinations.Login.user_clicks_on_login_button(Login.java:50)\r\n\tat ✽.user clicks on login button(file:///C:/Users/Hustler/eclipse-workspace/seleniumBatch152/./Features/login.feature:9)\r\n","duration":1186534100,"status":"failed"},"before":[{"result":{"status":"passed"},"match":{"location":"stepDefinations.Login.myStep()"}}],"line":9,"name":"user clicks on login button","match":{"location":"stepDefinations.Login.user_clicks_on_login_button()"},"after":[{"result":{"status":"passed"},"match":{"location":"stepDefinations.Login.afterSetp()"}}],"keyword":"And "},{"result":{"status":"skipped"},"before":[{"result":{"duration":1000000,"status":"skipped"},"match":{"location":"stepDefinations.Login.myStep()"}}],"line":10,"name":"user can see the logout button","match":{"location":"stepDefinations.Login.user_can_see_the_logout_button()"},"after":[{"result":{"status":"skipped"},"match":{"location":"stepDefinations.Login.afterSetp()"}}],"keyword":"Then "},{"result":{"status":"skipped"},"before":[{"result":{"duration":999900,"status":"skipped"},"match":{"location":"stepDefinations.Login.myStep()"}}],"line":11,"name":"close the driver","match":{"location":"stepDefinations.Login.closeTheDriver()"},"after":[{"result":{"status":"skipped"},"match":{"location":"stepDefinations.Login.afterSetp()"}}],"keyword":"Then "}],"tags":[{"name":"@reg"},{"name":"@mytag"}]},{"start_timestamp":"2024-07-26T03:46:52.417Z","before":[{"result":{"duration":4416653500,"status":"passed"},"match":{"location":"stepDefinations.Login.setUp()"}},{"result":{"status":"passed"},"match":{"location":"stepDefinations.Login.setUp2()"}}],"line":16,"name":"To verify we are not able to login with valid crede.","description":"","id":"login-featue;to-verify-we-are-not-able-to-login-with-valid-crede.;;4","after":[{"result":{"status":"passed"},"match":{"location":"stepDefinations.Login.close2()"}},{"result":{"duration":410999500,"status":"passed"},"match":{"location":"stepDefinations.Login.close()"}}],"type":"scenario","keyword":"Scenario Outline","steps":[{"result":{"duration":4382527200,"status":"passed"},"before":[{"result":{"status":"passed"},"match":{"location":"stepDefinations.Login.myStep()"}}],"line":5,"name":"open the chrome","match":{"location":"stepDefinations.Login.openTheBrowser()"},"after":[{"result":{"status":"passed"},"match":{"location":"stepDefinations.Login.afterSetp()"}}],"keyword":"Given "},{"result":{"duration":4270099400,"status":"passed"},"before":[{"result":{"status":"passed"},"match":{"location":"stepDefinations.Login.myStep()"}}],"line":6,"name":"user enters \"https://practice.expandtesting.com/login\"","match":{"arguments":[{"val":"\"https://practice.expandtesting.com/login\"","offset":12}],"location":"stepDefinations.Login.enterUrl(java.lang.String)"},"after":[{"result":{"status":"passed"},"match":{"location":"stepDefinations.Login.afterSetp()"}}],"keyword":"When "},{"result":{"duration":433993100,"status":"passed"},"before":[{"result":{"duration":1001500,"status":"passed"},"match":{"location":"stepDefinations.Login.myStep()"}}],"line":7,"name":"user enters username as \"admin3\"","match":{"arguments":[{"val":"\"admin3\"","offset":24}],"location":"stepDefinations.Login.user_enters_username_as_practice(java.lang.String)"},"after":[{"result":{"status":"passed"},"match":{"location":"stepDefinations.Login.afterSetp()"}}],"keyword":"And "},{"result":{"duration":666001300,"status":"passed"},"before":[{"result":{"duration":1000600,"status":"passed"},"match":{"location":"stepDefinations.Login.myStep()"}}],"line":8,"name":"user enters password as \"pass3\"","match":{"arguments":[{"val":"\"pass3\"","offset":24}],"location":"stepDefinations.Login.user_enters_password_as_super_secret_password(java.lang.String)"},"after":[{"result":{"duration":1997700,"status":"passed"},"match":{"location":"stepDefinations.Login.afterSetp()"}}],"keyword":"And "},{"result":{"error_message":"org.openqa.selenium.ElementClickInterceptedException: element click intercepted: Element is not clickable at point (508, 616)\n  (Session info: chrome=126.0.6478.185)\nBuild info: version: '4.20.0', revision: '866c76ca80'\nSystem info: os.name: 'Windows 10', os.arch: 'amd64', os.version: '10.0', java.version: '17.0.9'\nDriver info: org.openqa.selenium.chrome.ChromeDriver\nCommand: [5a189ac852e72fd9a46a91f98f157bb4, clickElement {id=f.AE4306D03536513F0AD1CB0371740AFE.d.1CC111DAAB3F8A630BFB1AF3F3F2571C.e.15}]\nCapabilities {acceptInsecureCerts: false, browserName: chrome, browserVersion: 126.0.6478.185, chrome: {chromedriverVersion: 126.0.6478.182 (5b5d8292ddf..., userDataDir: C:\\Users\\Hustler\\AppData\\Lo...}, fedcm:accounts: true, goog:chromeOptions: {debuggerAddress: localhost:56977}, networkConnectionEnabled: false, pageLoadStrategy: normal, platformName: windows, proxy: Proxy(), se:cdp: ws://localhost:56977/devtoo..., se:cdpVersion: 126.0.6478.185, setWindowRect: true, strictFileInteractability: false, timeouts: {implicit: 0, pageLoad: 300000, script: 30000}, unhandledPromptBehavior: dismiss and notify, webauthn:extension:credBlob: true, webauthn:extension:largeBlob: true, webauthn:extension:minPinLength: true, webauthn:extension:prf: true, webauthn:virtualAuthenticators: true}\nElement: [[ChromeDriver: chrome on windows (5a189ac852e72fd9a46a91f98f157bb4)] -> xpath: //button[@type='submit']]\nSession ID: 5a189ac852e72fd9a46a91f98f157bb4\r\n\tat java.base/jdk.internal.reflect.NativeConstructorAccessorImpl.newInstance0(Native Method)\r\n\tat java.base/jdk.internal.reflect.NativeConstructorAccessorImpl.newInstance(NativeConstructorAccessorImpl.java:77)\r\n\tat java.base/jdk.internal.reflect.DelegatingConstructorAccessorImpl.newInstance(DelegatingConstructorAccessorImpl.java:45)\r\n\tat java.base/java.lang.reflect.Constructor.newInstanceWithCaller(Constructor.java:499)\r\n\tat java.base/java.lang.reflect.Constructor.newInstance(Constructor.java:480)\r\n\tat org.openqa.selenium.remote.ErrorCodec.decode(ErrorCodec.java:167)\r\n\tat org.openqa.selenium.remote.codec.w3c.W3CHttpResponseCodec.decode(W3CHttpResponseCodec.java:138)\r\n\tat org.openqa.selenium.remote.codec.w3c.W3CHttpResponseCodec.decode(W3CHttpResponseCodec.java:50)\r\n\tat org.openqa.selenium.remote.HttpCommandExecutor.execute(HttpCommandExecutor.java:190)\r\n\tat org.openqa.selenium.remote.service.DriverCommandExecutor.invokeExecute(DriverCommandExecutor.java:216)\r\n\tat org.openqa.selenium.remote.service.DriverCommandExecutor.execute(DriverCommandExecutor.java:174)\r\n\tat org.openqa.selenium.remote.RemoteWebDriver.execute(RemoteWebDriver.java:518)\r\n\tat org.openqa.selenium.remote.RemoteWebElement.execute(RemoteWebElement.java:223)\r\n\tat org.openqa.selenium.remote.RemoteWebElement.click(RemoteWebElement.java:76)\r\n\tat stepDefinations.Login.user_clicks_on_login_button(Login.java:50)\r\n\tat ✽.user clicks on login button(file:///C:/Users/Hustler/eclipse-workspace/seleniumBatch152/./Features/login.feature:9)\r\n","duration":1211296900,"status":"failed"},"before":[{"result":{"status":"passed"},"match":{"location":"stepDefinations.Login.myStep()"}}],"line":9,"name":"user clicks on login button","match":{"location":"stepDefinations.Login.user_clicks_on_login_button()"},"after":[{"result":{"duration":1002100,"status":"passed"},"match":{"location":"stepDefinations.Login.afterSetp()"}}],"keyword":"And "},{"result":{"duration":1002900,"status":"skipped"},"before":[{"result":{"status":"skipped"},"match":{"location":"stepDefinations.Login.myStep()"}}],"line":10,"name":"user can see the logout button","match":{"location":"stepDefinations.Login.user_can_see_the_logout_button()"},"after":[{"result":{"status":"skipped"},"match":{"location":"stepDefinations.Login.afterSetp()"}}],"keyword":"Then "},{"result":{"status":"skipped"},"before":[{"result":{"duration":999000,"status":"skipped"},"match":{"location":"stepDefinations.Login.myStep()"}}],"line":11,"name":"close the driver","match":{"location":"stepDefinations.Login.closeTheDriver()"},"after":[{"result":{"duration":998200,"status":"skipped"},"match":{"location":"stepDefinations.Login.afterSetp()"}}],"keyword":"Then "}],"tags":[{"name":"@reg"},{"name":"@mytag"}]}],"name":"login featue","description":"","id":"login-featue","keyword":"Feature","uri":"file:Features/login.feature","tags":[{"name":"@reg","type":"Tag","location":{"line":1,"column":1}},{"name":"@mytag","type":"Tag","location":{"line":1,"column":6}}]}]