<?xml version="1.0" encoding="UTF-8"?>
<!-- Generated by org.testng.reporters.JUnitXMLReporter -->
<testsuite ignored="1" hostname="DESKTOP-7S7LCUO" failures="0" tests="3" name="Regression" time="0.149" errors="0" timestamp="2024-07-29T08:54:53 IST">
  <testcase classname="testNgAnnonations.Annotations" name="test1" time="0.011"/>
  <testcase classname="testNgAnnonations.Annotations" name="test3" time="0.007"/>
  <testcase classname="testNgAnnonations.Annotations" name="test4" time="0.007"/>
  <testcase classname="testNgAnnonations.Annotations" name="test2" time="0.0">
    <ignored/>
  </testcase> <!-- test2 -->
</testsuite> <!-- Regression -->
