<?xml version="1.0" encoding="UTF-8"?>
<!-- Generated by org.testng.reporters.JUnitXMLReporter -->
<testsuite ignored="2" hostname="DESKTOP-7S7LCUO" failures="0" tests="2" name="smoke" time="0.166" errors="0" timestamp="2024-07-15T09:28:15 IST">
  <testcase classname="testNgAnnonations.NewTest" name="test1" time="0.023"/>
  <testcase classname="testNgAnnonations.NewTest" name="test2" time="0.007"/>
  <testcase classname="testNgAnnonations.NewTest" name="test4" time="0.0">
    <ignored/>
  </testcase> <!-- test4 -->
  <testcase classname="testNgAnnonations.NewTest" name="test3" time="0.0">
    <ignored/>
  </testcase> <!-- test3 -->
</testsuite> <!-- smoke -->
