<?xml version="1.0" encoding="UTF-8"?>
<!-- Generated by org.testng.reporters.JUnitXMLReporter -->
<testsuite ignored="0" hostname="DESKTOP-7S7LCUO" failures="2" tests="3" name="Test" time="38.412" errors="0" timestamp="2024-07-19T09:30:55 IST">
  <testcase classname="reports.Report1" name="vefigyLoginWithInvalidCredentails" time="6.89">
    <failure type="java.lang.AssertionError">
      <![CDATA[java.lang.AssertionError
at org.junit.Assert.fail(Assert.java:87)
at org.junit.Assert.assertTrue(Assert.java:42)
at org.junit.Assert.assertTrue(Assert.java:53)
at reports.Report1.vefigyLoginWithInvalidCredentails(Report1.java:28)
at java.base/java.util.ArrayList.forEach(ArrayList.java:1511)
... Removed 27 stack frames]]>
    </failure>
  </testcase> <!-- vefigyLoginWithInvalidCredentails -->
  <testcase classname="reports.Report1" name="vefigyLoginWithInvalidCredentails1" time="9.93">
    <failure type="java.lang.AssertionError">
      <![CDATA[java.lang.AssertionError
at org.junit.Assert.fail(Assert.java:87)
at org.junit.Assert.assertTrue(Assert.java:42)
at org.junit.Assert.assertTrue(Assert.java:53)
at reports.Report1.vefigyLoginWithInvalidCredentails1(Report1.java:43)
at java.base/java.util.ArrayList.forEach(ArrayList.java:1511)
... Removed 27 stack frames]]>
    </failure>
  </testcase> <!-- vefigyLoginWithInvalidCredentails1 -->
  <testcase classname="reports.Report1" name="vefigyLoginWithInvalidCredentails2" time="11.336"/>
</testsuite> <!-- Test -->
