<?xml version="1.0" encoding="UTF-8"?>
<!-- Generated by org.testng.reporters.JUnitXMLReporter -->
<testsuite ignored="2" hostname="DESKTOP-7S7LCUO" failures="0" tests="2" name="smokeTest" time="1.254" errors="0" timestamp="2024-07-29T09:05:03 IST">
  <testcase classname="testNgAnnonations.Annotations" name="test2" time="0.132"/>
  <testcase classname="testNgAnnonations.Annotations" name="test3" time="0.007"/>
  <testcase classname="testNgAnnonations.Annotations" name="test4" time="0.0">
    <ignored/>
  </testcase> <!-- test4 -->
  <testcase classname="testNgAnnonations.Annotations" name="test1" time="0.0">
    <ignored/>
  </testcase> <!-- test1 -->
</testsuite> <!-- smokeTest -->
