<?xml version="1.0" encoding="UTF-8"?>
<testng-results ignored="0" total="5" passed="5" failed="0" skipped="0">
  <reporter-output>
  </reporter-output>
  <suite started-at="2024-07-29T09:05:01 IST" name="Suite" finished-at="2024-07-29T09:05:03 IST" duration-ms="1437">
    <groups>
      <group name="g1">
        <method signature="Annotations.test2()[pri:0, instance:testNgAnnonations.Annotations@21a9a705]" name="test2" class="testNgAnnonations.Annotations"/>
        <method signature="Annotations.test1()[pri:0, instance:testNgAnnonations.Annotations@b67cc70]" name="test1" class="testNgAnnonations.Annotations"/>
      </group> <!-- g1 -->
      <group name="g2">
        <method signature="Annotations.test3()[pri:0, instance:testNgAnnonations.Annotations@21a9a705]" name="test3" class="testNgAnnonations.Annotations"/>
        <method signature="Annotations.test3()[pri:0, instance:testNgAnnonations.Annotations@b67cc70]" name="test3" class="testNgAnnonations.Annotations"/>
        <method signature="Annotations.test4()[pri:0, instance:testNgAnnonations.Annotations@b67cc70]" name="test4" class="testNgAnnonations.Annotations"/>
      </group> <!-- g2 -->
    </groups>
    <test started-at="2024-07-29T09:05:01 IST" name="smokeTest" finished-at="2024-07-29T09:05:03 IST" duration-ms="1254">
      <class name="testNgAnnonations.Annotations">
        <test-method is-config="true" signature="beforeTest()[pri:0, instance:testNgAnnonations.Annotations@21a9a705]" started-at="2024-07-29T09:05:01 IST" name="beforeTest" finished-at="2024-07-29T09:05:01 IST" duration-ms="2" status="PASS">
          <reporter-output>
          </reporter-output>
        </test-method> <!-- beforeTest -->
        <test-method is-config="true" signature="BeforeClass()[pri:0, instance:testNgAnnonations.Annotations@21a9a705]" started-at="2024-07-29T09:05:01 IST" name="BeforeClass" finished-at="2024-07-29T09:05:01 IST" duration-ms="4" status="PASS">
          <reporter-output>
          </reporter-output>
        </test-method> <!-- BeforeClass -->
        <test-method is-config="true" signature="setUpBrowser()[pri:0, instance:testNgAnnonations.Annotations@21a9a705]" started-at="2024-07-29T09:05:02 IST" name="setUpBrowser" finished-at="2024-07-29T09:05:02 IST" duration-ms="4" status="PASS">
          <reporter-output>
          </reporter-output>
        </test-method> <!-- setUpBrowser -->
        <test-method signature="test2()[pri:0, instance:testNgAnnonations.Annotations@21a9a705]" started-at="2024-07-29T09:05:02 IST" name="test2" finished-at="2024-07-29T09:05:02 IST" duration-ms="132" status="PASS">
          <reporter-output>
          </reporter-output>
        </test-method> <!-- test2 -->
        <test-method is-config="true" signature="quitBrowser()[pri:0, instance:testNgAnnonations.Annotations@21a9a705]" started-at="2024-07-29T09:05:03 IST" name="quitBrowser" finished-at="2024-07-29T09:05:03 IST" duration-ms="2" status="PASS">
          <reporter-output>
          </reporter-output>
        </test-method> <!-- quitBrowser -->
        <test-method is-config="true" signature="befGroups()[pri:0, instance:testNgAnnonations.Annotations@21a9a705]" started-at="2024-07-29T09:05:03 IST" name="befGroups" finished-at="2024-07-29T09:05:03 IST" duration-ms="1" status="PASS">
          <reporter-output>
          </reporter-output>
        </test-method> <!-- befGroups -->
        <test-method is-config="true" signature="setUpBrowser()[pri:0, instance:testNgAnnonations.Annotations@21a9a705]" started-at="2024-07-29T09:05:03 IST" name="setUpBrowser" finished-at="2024-07-29T09:05:03 IST" duration-ms="2" status="PASS">
          <reporter-output>
          </reporter-output>
        </test-method> <!-- setUpBrowser -->
        <test-method signature="test3()[pri:0, instance:testNgAnnonations.Annotations@21a9a705]" started-at="2024-07-29T09:05:03 IST" name="test3" finished-at="2024-07-29T09:05:03 IST" duration-ms="7" status="PASS">
          <reporter-output>
          </reporter-output>
        </test-method> <!-- test3 -->
        <test-method is-config="true" signature="quitBrowser()[pri:0, instance:testNgAnnonations.Annotations@21a9a705]" started-at="2024-07-29T09:05:03 IST" name="quitBrowser" finished-at="2024-07-29T09:05:03 IST" duration-ms="1" status="PASS">
          <reporter-output>
          </reporter-output>
        </test-method> <!-- quitBrowser -->
        <test-method is-config="true" signature="afterClass()[pri:0, instance:testNgAnnonations.Annotations@21a9a705]" started-at="2024-07-29T09:05:03 IST" name="afterClass" finished-at="2024-07-29T09:05:03 IST" duration-ms="2" status="PASS">
          <reporter-output>
          </reporter-output>
        </test-method> <!-- afterClass -->
        <test-method is-config="true" signature="afterTest()[pri:0, instance:testNgAnnonations.Annotations@21a9a705]" started-at="2024-07-29T09:05:03 IST" name="afterTest" finished-at="2024-07-29T09:05:03 IST" duration-ms="2" status="PASS">
          <reporter-output>
          </reporter-output>
        </test-method> <!-- afterTest -->
      </class> <!-- testNgAnnonations.Annotations -->
    </test> <!-- smokeTest -->
    <test started-at="2024-07-29T09:05:03 IST" name="Regression" finished-at="2024-07-29T09:05:03 IST" duration-ms="89">
      <class name="testNgAnnonations.Annotations">
        <test-method is-config="true" signature="beforeSuite()[pri:0, instance:testNgAnnonations.Annotations@b67cc70]" started-at="2024-07-29T09:05:01 IST" name="beforeSuite" finished-at="2024-07-29T09:05:01 IST" duration-ms="308" status="PASS">
          <reporter-output>
          </reporter-output>
        </test-method> <!-- beforeSuite -->
        <test-method is-config="true" signature="beforeTest()[pri:0, instance:testNgAnnonations.Annotations@b67cc70]" started-at="2024-07-29T09:05:03 IST" name="beforeTest" finished-at="2024-07-29T09:05:03 IST" duration-ms="0" status="PASS">
          <reporter-output>
          </reporter-output>
        </test-method> <!-- beforeTest -->
        <test-method is-config="true" signature="BeforeClass()[pri:0, instance:testNgAnnonations.Annotations@b67cc70]" started-at="2024-07-29T09:05:03 IST" name="BeforeClass" finished-at="2024-07-29T09:05:03 IST" duration-ms="0" status="PASS">
          <reporter-output>
          </reporter-output>
        </test-method> <!-- BeforeClass -->
        <test-method is-config="true" signature="setUpBrowser()[pri:0, instance:testNgAnnonations.Annotations@b67cc70]" started-at="2024-07-29T09:05:03 IST" name="setUpBrowser" finished-at="2024-07-29T09:05:03 IST" duration-ms="2" status="PASS">
          <reporter-output>
          </reporter-output>
        </test-method> <!-- setUpBrowser -->
        <test-method signature="test1()[pri:0, instance:testNgAnnonations.Annotations@b67cc70]" started-at="2024-07-29T09:05:03 IST" name="test1" finished-at="2024-07-29T09:05:03 IST" duration-ms="12" status="PASS">
          <reporter-output>
          </reporter-output>
        </test-method> <!-- test1 -->
        <test-method is-config="true" signature="quitBrowser()[pri:0, instance:testNgAnnonations.Annotations@b67cc70]" started-at="2024-07-29T09:05:03 IST" name="quitBrowser" finished-at="2024-07-29T09:05:03 IST" duration-ms="2" status="PASS">
          <reporter-output>
          </reporter-output>
        </test-method> <!-- quitBrowser -->
        <test-method is-config="true" signature="befGroups()[pri:0, instance:testNgAnnonations.Annotations@b67cc70]" started-at="2024-07-29T09:05:03 IST" name="befGroups" finished-at="2024-07-29T09:05:03 IST" duration-ms="1" status="PASS">
          <reporter-output>
          </reporter-output>
        </test-method> <!-- befGroups -->
        <test-method is-config="true" signature="setUpBrowser()[pri:0, instance:testNgAnnonations.Annotations@b67cc70]" started-at="2024-07-29T09:05:03 IST" name="setUpBrowser" finished-at="2024-07-29T09:05:03 IST" duration-ms="1" status="PASS">
          <reporter-output>
          </reporter-output>
        </test-method> <!-- setUpBrowser -->
        <test-method signature="test3()[pri:0, instance:testNgAnnonations.Annotations@b67cc70]" started-at="2024-07-29T09:05:03 IST" name="test3" finished-at="2024-07-29T09:05:03 IST" duration-ms="9" status="PASS">
          <reporter-output>
          </reporter-output>
        </test-method> <!-- test3 -->
        <test-method is-config="true" signature="quitBrowser()[pri:0, instance:testNgAnnonations.Annotations@b67cc70]" started-at="2024-07-29T09:05:03 IST" name="quitBrowser" finished-at="2024-07-29T09:05:03 IST" duration-ms="1" status="PASS">
          <reporter-output>
          </reporter-output>
        </test-method> <!-- quitBrowser -->
        <test-method is-config="true" signature="setUpBrowser()[pri:0, instance:testNgAnnonations.Annotations@b67cc70]" started-at="2024-07-29T09:05:03 IST" name="setUpBrowser" finished-at="2024-07-29T09:05:03 IST" duration-ms="0" status="PASS">
          <reporter-output>
          </reporter-output>
        </test-method> <!-- setUpBrowser -->
        <test-method signature="test4()[pri:0, instance:testNgAnnonations.Annotations@b67cc70]" started-at="2024-07-29T09:05:03 IST" name="test4" finished-at="2024-07-29T09:05:03 IST" duration-ms="8" status="PASS">
          <reporter-output>
          </reporter-output>
        </test-method> <!-- test4 -->
        <test-method is-config="true" signature="quitBrowser()[pri:0, instance:testNgAnnonations.Annotations@b67cc70]" started-at="2024-07-29T09:05:03 IST" name="quitBrowser" finished-at="2024-07-29T09:05:03 IST" duration-ms="1" status="PASS">
          <reporter-output>
          </reporter-output>
        </test-method> <!-- quitBrowser -->
        <test-method is-config="true" signature="afterClass()[pri:0, instance:testNgAnnonations.Annotations@b67cc70]" started-at="2024-07-29T09:05:03 IST" name="afterClass" finished-at="2024-07-29T09:05:03 IST" duration-ms="1" status="PASS">
          <reporter-output>
          </reporter-output>
        </test-method> <!-- afterClass -->
        <test-method is-config="true" signature="afterTest()[pri:0, instance:testNgAnnonations.Annotations@b67cc70]" started-at="2024-07-29T09:05:03 IST" name="afterTest" finished-at="2024-07-29T09:05:03 IST" duration-ms="1" status="PASS">
          <reporter-output>
          </reporter-output>
        </test-method> <!-- afterTest -->
        <test-method is-config="true" signature="afterSuite()[pri:0, instance:testNgAnnonations.Annotations@b67cc70]" started-at="2024-07-29T09:05:03 IST" name="afterSuite" finished-at="2024-07-29T09:05:03 IST" duration-ms="1" status="PASS">
          <reporter-output>
          </reporter-output>
        </test-method> <!-- afterSuite -->
      </class> <!-- testNgAnnonations.Annotations -->
    </test> <!-- Regression -->
  </suite> <!-- Suite -->
</testng-results>
