<?xml version="1.0" encoding="UTF-8"?>
<testng-results ignored="0" total="1" passed="1" failed="0" skipped="0">
  <reporter-output>
  </reporter-output>
  <suite started-at="2024-07-30T09:03:28 IST" name="Default suite" finished-at="2024-07-30T09:03:40 IST" duration-ms="12522">
    <groups>
    </groups>
    <test started-at="2024-07-30T09:03:28 IST" name="Default test" finished-at="2024-07-30T09:03:40 IST" duration-ms="12522">
      <class name="javaScriptExecutor.JavaSce2">
        <test-method signature="test1()[pri:0, instance:javaScriptExecutor.JavaSce2@1bf14704]" started-at="2024-07-30T09:03:28 IST" name="test1" finished-at="2024-07-30T09:03:40 IST" duration-ms="11497" status="PASS">
          <reporter-output>
          </reporter-output>
        </test-method> <!-- test1 -->
      </class> <!-- javaScriptExecutor.JavaSce2 -->
    </test> <!-- Default test -->
  </suite> <!-- Default suite -->
</testng-results>
