<?xml version="1.0" encoding="UTF-8"?>
<testng-results ignored="0" total="1" passed="1" failed="0" skipped="0">
  <reporter-output>
  </reporter-output>
  <suite started-at="2024-07-23T09:45:44 IST" name="Default suite" finished-at="2024-07-23T09:45:53 IST" duration-ms="8358">
    <groups>
    </groups>
    <test started-at="2024-07-23T09:45:44 IST" name="Default test" finished-at="2024-07-23T09:45:53 IST" duration-ms="8358">
      <class name="com.nopcommerce.qa.tests.LoginTest">
        <test-method is-config="true" signature="beforeTest()[pri:0, instance:com.nopcommerce.qa.tests.LoginTest@1eff3cfb]" started-at="2024-07-23T09:45:45 IST" name="beforeTest" finished-at="2024-07-23T09:45:51 IST" duration-ms="6410" status="PASS">
          <reporter-output>
          </reporter-output>
        </test-method> <!-- beforeTest -->
        <test-method signature="verifyLoginInvalidCredentails()[pri:0, instance:com.nopcommerce.qa.tests.LoginTest@1eff3cfb]" started-at="2024-07-23T09:45:51 IST" name="verifyLoginInvalidCredentails" finished-at="2024-07-23T09:45:52 IST" duration-ms="1272" status="PASS">
          <reporter-output>
          </reporter-output>
        </test-method> <!-- verifyLoginInvalidCredentails -->
      </class> <!-- com.nopcommerce.qa.tests.LoginTest -->
    </test> <!-- Default test -->
  </suite> <!-- Default suite -->
</testng-results>
